<?xml version="1.0" encoding="UTF-8"?>
<!-- Generated by org.testng.reporters.JUnitXMLReporter -->
<testsuite hostname="DESKTOP-7UUT0JG" ignored="0" name="Surefire test" tests="1" failures="0" timestamp="27 May 2022 04:50:30 GMT" time="0.275" errors="0">
  <testcase name="@BeforeClass beforeclass1Test" time="0.003" classname="com.sdet34L1.genericUtility.BaseClass">
    <failure type="java.lang.NullPointerException">
      <![CDATA[java.lang.NullPointerException
at com.sdet34L1.genericUtility.BaseClass.beforeclass1Test(BaseClass.java:97)
... Removed 30 stack frames]]>
    </failure>
  </testcase> <!-- @BeforeClass beforeclass1Test -->
  <testcase name="@BeforeMethod beforeMethod1Test" time="0.0" classname="com.sdet34L1.genericUtility.BaseClass">
    <skipped/>
  </testcase> <!-- @BeforeMethod beforeMethod1Test -->
  <testcase name="@AfterMethod afterMethod1Test" time="0.0" classname="com.sdet34L1.genericUtility.BaseClass">
    <skipped/>
  </testcase> <!-- @AfterMethod afterMethod1Test -->
  <testcase name="@AfterClass afterClass1Test" time="0.0" classname="com.sdet34L1.genericUtility.BaseClass">
    <skipped/>
  </testcase> <!-- @AfterClass afterClass1Test -->
  <testcase name="createContactsTest" time="0.0" classname="com.vtiger.contactsTest.CreateContactsTest">
    <skipped/>
  </testcase> <!-- createContactsTest -->
</testsuite> <!-- Surefire test -->
